0 info it worked if it ends with ok
1 verbose cli [ 'nodejs', '/usr/bin/npm', 'install' ]
2 info using npm@1.1.71
3 info using node@v0.8.17
4 verbose read json /node/NodeTaxServer/package.json
5 error install Couldn't read dependencies
6 error Failed to parse json
6 error Unexpected token }
7 error File: /node/NodeTaxServer/package.json
8 error Failed to parse package.json data.
8 error package.json must be actual JSON, not just JavaScript.
8 error
8 error This is not a bug in npm.
8 error Tell the package author to fix their package.json file. JSON.parse
9 error System Linux 3.5.0-17-generic
10 error command "nodejs" "/usr/bin/npm" "install"
11 error cwd /node/NodeTaxServer/routes
12 error node -v v0.8.17
13 error npm -v 1.1.71
14 error file /node/NodeTaxServer/package.json
15 error code EJSONPARSE
16 verbose exit [ 1, true ]
